<?xml version="1.0" encoding="UTF-8"?>
<testng-results ignored="0" total="1" passed="1" failed="0" skipped="0">
  <reporter-output>
  </reporter-output>
  <suite started-at="2022-09-16T10:20:06 IST" name="Default suite" finished-at="2022-09-16T10:20:13 IST" duration-ms="6645">
    <groups>
    </groups>
    <test started-at="2022-09-16T10:20:06 IST" name="Default test" finished-at="2022-09-16T10:20:13 IST" duration-ms="6645">
      <class name="mobileworld.Orderby">
        <test-method signature="order()[pri:0, instance:mobileworld.Orderby@6babf3bf]" started-at="2022-09-16T10:20:06 IST" name="order" finished-at="2022-09-16T10:20:13 IST" duration-ms="6606" status="PASS">
          <reporter-output>
          </reporter-output>
        </test-method> <!-- order -->
      </class> <!-- mobileworld.Orderby -->
    </test> <!-- Default test -->
  </suite> <!-- Default suite -->
</testng-results>
