<?xml version="1.0" encoding="UTF-8"?>
<testng-results ignored="0" total="1" passed="1" failed="0" skipped="0">
  <reporter-output>
  </reporter-output>
  <suite started-at="2022-09-19T11:22:31 IST" name="Default suite" finished-at="2022-09-19T11:22:36 IST" duration-ms="5915">
    <groups>
    </groups>
    <test started-at="2022-09-19T11:22:31 IST" name="Default test" finished-at="2022-09-19T11:22:36 IST" duration-ms="5915">
      <class name="order.NewTest">
        <test-method signature="order1()[pri:0, instance:order.NewTest@9257031]" started-at="2022-09-19T11:22:31 IST" name="order1" finished-at="2022-09-19T11:22:36 IST" duration-ms="5844" status="PASS">
          <reporter-output>
          </reporter-output>
        </test-method> <!-- order1 -->
      </class> <!-- order.NewTest -->
    </test> <!-- Default test -->
  </suite> <!-- Default suite -->
</testng-results>
